<?xml version="1.0" encoding="UTF-8"?>
<coverage generated="1701065072086" clover="3.2.0">
  <project timestamp="1701065072086" name="All files">
    <metrics statements="5" coveredstatements="4" conditionals="0" coveredconditionals="0" methods="1" coveredmethods="0" elements="6" coveredelements="4" complexity="0" loc="5" ncloc="5" packages="1" files="1" classes="1"/>
    <file name="app.ts" path="C:\_FILES_TMP_PC\MISSIONREADY\week5\app.ts">
      <metrics statements="5" coveredstatements="4" conditionals="0" coveredconditionals="0" methods="1" coveredmethods="0"/>
      <line num="1" count="1" type="stmt"/>
      <line num="3" count="1" type="stmt"/>
      <line num="5" count="1" type="stmt"/>
      <line num="6" count="0" type="stmt"/>
      <line num="9" count="1" type="stmt"/>
    </file>
  </project>
</coverage>
