{"C:\\_FILES_TMP_PC\\MISSIONREADY\\week5\\app.ts": {"path":"C:\\_FILES_TMP_PC\\MISSIONREADY\\week5\\app.ts","statementMap":{"0":{"start":{"line":1,"column":0},"end":{"line":1,"column":29}},"1":{"start":{"line":3,"column":12},"end":{"line":3,"column":21}},"2":{"start":{"line":9,"column":8},"end":{"line":9,"column":11}},"3":{"start":{"line":5,"column":0},"end":{"line":7,"column":null}},"4":{"start":{"line":6,"column":1},"end":{"line":6,"column":null}}},"fnMap":{"0":{"name":"(anonymous_1)","decl":{"start":{"line":5,"column":12},"end":{"line":5,"column":13}},"loc":{"start":{"line":5,"column":23},"end":{"line":7,"column":1}}}},"branchMap":{},"s":{"0":1,"1":1,"2":1,"3":1,"4":0},"f":{"0":0},"b":{}}
}
